<?xml version="1.0" encoding="UTF-8"?>
<!-- Generated by org.testng.reporters.JUnitReportReporter -->
<testsuite skipped="0" hostname="IBM-Testing01" name="TestCase11.TestCase11Testing" tests="1" failures="0" timestamp="23 Jan 2020 09:42:19 GMT" time="168.767" errors="0">
  <testcase name="checkItemRemove" time="168.767" classname="TestCase11.TestCase11Testing"/>
</testsuite> <!-- TestCase11.TestCase11Testing -->
